<?xml version="1.0" encoding="UTF-8"?>
<testng-results skipped="0" failed="0" ignored="0" total="1" passed="1">
  <reporter-output>
  </reporter-output>
  <suite name="Default suite" duration-ms="94534" started-at="2018-07-30T08:06:03Z" finished-at="2018-07-30T08:07:37Z">
    <groups>
    </groups>
    <test name="Default test" duration-ms="94534" started-at="2018-07-30T08:06:03Z" finished-at="2018-07-30T08:07:37Z">
      <class name="com.accenture.tests.Demo_Grid">
        <test-method status="PASS" signature="beforeTest()[pri:0, instance:com.accenture.tests.Demo_Grid@1b26f7b2]" name="beforeTest" is-config="true" duration-ms="11942" started-at="2018-07-30T08:06:03Z" finished-at="2018-07-30T08:06:15Z">
          <reporter-output>
          </reporter-output>
        </test-method> <!-- beforeTest -->
        <test-method status="PASS" signature="f()[pri:0, instance:com.accenture.tests.Demo_Grid@1b26f7b2]" name="f" duration-ms="82540" started-at="2018-07-30T08:06:15Z" finished-at="2018-07-30T08:07:37Z">
          <reporter-output>
          </reporter-output>
        </test-method> <!-- f -->
      </class> <!-- com.accenture.tests.Demo_Grid -->
    </test> <!-- Default test -->
  </suite> <!-- Default suite -->
</testng-results>
