<?xml version="1.0" encoding="UTF-8"?>
<testng-results skipped="0" failed="0" total="1" passed="1">
  <reporter-output>
  </reporter-output>
  <suite name="Default suite" duration-ms="17731" started-at="2018-07-30T05:42:56Z" finished-at="2018-07-30T05:43:14Z">
    <groups>
    </groups>
    <test name="Default test" duration-ms="17731" started-at="2018-07-30T05:42:56Z" finished-at="2018-07-30T05:43:14Z">
      <class name="com.accenture.tests.Demo_Grid">
        <test-method status="PASS" signature="beforeTest()[pri:0, instance:com.accenture.tests.Demo_Grid@66a3ffec]" name="beforeTest" is-config="true" duration-ms="10007" started-at="2018-07-30T11:12:56Z" finished-at="2018-07-30T11:13:06Z">
          <reporter-output>
          </reporter-output>
        </test-method> <!-- beforeTest -->
        <test-method status="PASS" signature="f()[pri:0, instance:com.accenture.tests.Demo_Grid@66a3ffec]" name="f" duration-ms="7694" started-at="2018-07-30T11:13:06Z" finished-at="2018-07-30T11:13:14Z">
          <reporter-output>
          </reporter-output>
        </test-method> <!-- f -->
      </class> <!-- com.accenture.tests.Demo_Grid -->
    </test> <!-- Default test -->
  </suite> <!-- Default suite -->
</testng-results>
